生成启动时间为 2015/11/5 14:59:14。
     1>项目“C:\Users\jokiestrunk\documents\visual studio 2013\Projects\Reversi_Terminal\Reversi_Terminal\Reversi_Terminal.vcxproj”在节点 2 上(Build 个目标)。
     1>ClCompile:
         C:\Program Files (x86)\Microsoft Visual Studio 12.0\VC\bin\CL.exe /c /Zi /nologo /W3 /WX- /O2 /Oi /Oy- /GL /D WIN32 /D NDEBUG /D _CONSOLE /D _LIB /D _UNICODE /D UNICODE /Gm- /EHsc /MD /GS /Gy /fp:precise /Zc:wchar_t /Zc:forScope /Fo"Release\\" /Fd"Release\vc120.pdb" /Gd /TP /analyze- /errorReport:prompt reversi.cpp
         reversi.cpp
     1>reversi.cpp(124): warning C4018: “<=”: 有符号/无符号不匹配
     1>reversi.cpp(137): warning C4018: “>”: 有符号/无符号不匹配
     1>reversi.cpp(144): warning C4018: “<”: 有符号/无符号不匹配
     1>reversi.cpp(190): warning C4018: “<=”: 有符号/无符号不匹配
     1>reversi.cpp(203): warning C4018: “>”: 有符号/无符号不匹配
     1>reversi.cpp(210): warning C4018: “<”: 有符号/无符号不匹配
     1>reversi.cpp(250): warning C4018: “<=”: 有符号/无符号不匹配
     1>reversi.cpp(263): warning C4018: “<”: 有符号/无符号不匹配
     1>reversi.cpp(276): warning C4018: “<=”: 有符号/无符号不匹配
     1>reversi.cpp(289): warning C4018: “<”: 有符号/无符号不匹配
     1>reversi.cpp(315): warning C4018: “<”: 有符号/无符号不匹配
     1>reversi.cpp(346): warning C4244: “参数”: 从“double”转换到“unsigned int”，可能丢失数据
     1>reversi.cpp(347): warning C4244: “参数”: 从“double”转换到“unsigned int”，可能丢失数据
     1>reversi.cpp(348): warning C4244: “参数”: 从“double”转换到“unsigned int”，可能丢失数据
     1>reversi.cpp(349): warning C4244: “参数”: 从“double”转换到“unsigned int”，可能丢失数据
     1>reversi.cpp(359): warning C4018: “>”: 有符号/无符号不匹配
     1>reversi.cpp(364): warning C4018: “>”: 有符号/无符号不匹配
     1>reversi.cpp(431): warning C4018: “<=”: 有符号/无符号不匹配
     1>reversi.cpp(433): warning C4018: “<=”: 有符号/无符号不匹配
     1>reversi.cpp(452): warning C4018: “<=”: 有符号/无符号不匹配
     1>reversi.cpp(458): warning C4018: “<=”: 有符号/无符号不匹配
     1>reversi.cpp(461): warning C4018: “<=”: 有符号/无符号不匹配
     1>reversi.cpp(464): warning C4018: “<”: 有符号/无符号不匹配
     1>reversi.cpp(468): warning C4018: “<”: 有符号/无符号不匹配
     1>reversi.cpp(471): warning C4018: “<=”: 有符号/无符号不匹配
     1>reversi.cpp(474): warning C4018: “<”: 有符号/无符号不匹配
     1>reversi.cpp(482): warning C4018: “<=”: 有符号/无符号不匹配
     1>reversi.cpp(556): warning C4018: “<=”: 有符号/无符号不匹配
     1>reversi.cpp(558): warning C4018: “<=”: 有符号/无符号不匹配
     1>reversi.cpp(575): warning C4018: “<=”: 有符号/无符号不匹配
     1>reversi.cpp(577): warning C4018: “<=”: 有符号/无符号不匹配
       Link:
         C:\Program Files (x86)\Microsoft Visual Studio 12.0\VC\bin\link.exe /ERRORREPORT:PROMPT /OUT:"C:\Users\jokiestrunk\documents\visual studio 2013\Projects\Reversi_Terminal\Release\Reversi_Terminal.exe" /INCREMENTAL:NO /NOLOGO kernel32.lib user32.lib gdi32.lib winspool.lib comdlg32.lib advapi32.lib shell32.lib ole32.lib oleaut32.lib uuid.lib odbc32.lib odbccp32.lib /MANIFEST /MANIFESTUAC:"level='asInvoker' uiAccess='false'" /manifest:embed /DEBUG /PDB:"C:\Users\jokiestrunk\documents\visual studio 2013\Projects\Reversi_Terminal\Release\Reversi_Terminal.pdb" /SUBSYSTEM:CONSOLE /OPT:REF /OPT:ICF /LTCG /TLBID:1 /DYNAMICBASE /NXCOMPAT /IMPLIB:"C:\Users\jokiestrunk\documents\visual studio 2013\Projects\Reversi_Terminal\Release\Reversi_Terminal.lib" /MACHINE:X86 /SAFESEH Release\reversi.obj
         正在生成代码
         已完成代码的生成
         Reversi_Terminal.vcxproj -> C:\Users\jokiestrunk\documents\visual studio 2013\Projects\Reversi_Terminal\Release\Reversi_Terminal.exe
     1>已完成生成项目“C:\Users\jokiestrunk\documents\visual studio 2013\Projects\Reversi_Terminal\Reversi_Terminal\Reversi_Terminal.vcxproj”(Build 个目标)的操作。

生成成功。

已用时间 00:00:01.01
